<?xml version="1.0" encoding="UTF-8"?>
<testsuite name="server.ServerRequestTest" tests="5" skipped="0" failures="0" errors="0" timestamp="2021-12-27T20:43:42" hostname="Pedros-MacBook-Pro.local" time="0.005">
  <properties/>
  <testcase name="createBody_isEmpty_if_contentLengthEqualsZero" classname="server.ServerRequestTest" time="0.002"/>
  <testcase name="createBody_isNotEmpty_if_contentLengthEqualsZero" classname="server.ServerRequestTest" time="0.0"/>
  <testcase name="createRequestLine_returns_the_firstRowHash" classname="server.ServerRequestTest" time="0.001"/>
  <testcase name="assembleRequest_returns_request_as_string" classname="server.ServerRequestTest" time="0.0"/>
  <testcase name="createHeaders_returns_headers_hash" classname="server.ServerRequestTest" time="0.001"/>
  <system-out><![CDATA[]]></system-out>
  <system-err><![CDATA[]]></system-err>
</testsuite>
